<?xml version="1.0" encoding="UTF-8"?>
<!-- Generated by org.testng.reporters.JUnitReportReporter -->
<testsuite hostname="WKMIN4524753" name="selDemo.TestRunner" tests="1" failures="0" timestamp="8 Jun 2020 18:29:45 GMT" time="12.706" errors="0">
  <testcase name="test1" time="12.706" classname="selDemo.TestRunner"/>
</testsuite> <!-- selDemo.TestRunner -->
