<?xml version="1.0" encoding="UTF-8"?>
<!-- Generated by org.testng.reporters.JUnitReportReporter -->
<testsuite hostname="WKMIN4524753" name="driver.runner" tests="1" failures="0" timestamp="8 Jun 2020 20:44:10 GMT" time="0.033" errors="0">
  <testcase name="feature" time="0.033" classname="driver.runner"/>
</testsuite> <!-- driver.runner -->
